make.exe all -f d:\sparkboxHD\consoleStartup\Makefile --print-data-base --no-builtin-variables --no-builtin-rules --question
# GNU Make 3.81
# Copyright (C) 2006  Free Software Foundation, Inc.
# This is free software; see the source for copying conditions.
# There is NO warranty; not even for MERCHANTABILITY or FITNESS FOR A
# PARTICULAR PURPOSE.

# This program built for i386-pc-mingw32
 
File not found - [^.]*.c
 
File not found - [^.]*.s
 
File not found - [^.]*.cpp
 
File not found - [^.]*.h
 
File not found - [^.]*.hpp
 

# Make data base, printed on Sun Dec 12 08:36:25 2021

# Variables

# automatic
<D = $(patsubst %/,%,$(dir $<))
# automatic
?F = $(notdir $?)
# makefile (from `d:\sparkboxHD\consoleStartup\Makefile', line 64)
OBJ := 
# makefile (from `d:\sparkboxHD\consoleStartup\Makefile', line 40)
INCDIR := inc
# makefile (from `d:\sparkboxHD\consoleStartup\Makefile', line 47)
SRC := $(subst ,,  )
# makefile (from `d:\sparkboxHD\consoleStartup\Makefile', line 71)
LDSCRIPT = STM32H743ZITx_FLASH.ld
# makefile
MAKEFLAGS = R 
rqp
# environment
VSCODE_LOG_NATIVE = false
# makefile (from `d:\sparkboxHD\consoleStartup\Makefile', line 14)
TARGET = consoleStartup
# automatic
?D = $(patsubst %/,%,$(dir $?))
# makefile (from `d:\sparkboxHD\consoleStartup\Makefile', line 86)
CPPFLAGS = $(SRCFLAGS) -DUSE_HAL_DRIVER -std=gnu++14 -fstack-usage -fno-rtti -fno-use-cxa-atexit -fexceptions
# makefile (from `d:\sparkboxHD\consoleStartup\Makefile', line 82)
SRCFLAGS = $(MCU) -c $(INCFLAGS) $(OPT) -g3 -DDEBUG -Wall -fdata-sections -ffunction-sect 
ions -MMD -MP -MF"$(@:%.o=%.d)" -MT"$(@)" 
# automatic
@D = $(patsubst %/,%,$(dir $@))
# environment
HOMEDRIVE = C:
# automatic
@F = $(notdir $@)
# automatic
^D = $(patsubst %/,%,$(dir $^))
# makefile
CURDIR := d:/sparkboxHD/consoleStartup
# default
SHELL := sh.exe
# environment
WINDIR = C:\Windows
# environment
VSCODE_NLS_CONFIG = {"locale":"en-us","availableLanguages":{},"_languagePackSupport":true}
# makefile (from `d:\sparkboxHD\consoleStartup\Makefile', line 28)
SZ = $(PREFIX)-size
# makefile (from `d: 
\sparkboxHD\consoleStartup\Makefile', line 85)
CFLAGS = $(SRCFLAGS) -DUSE_HAL_DRIVER -std=gnu17 -fstack-usage
# environment
ONEDRIVE = C:\Users\patri\OneDrive
# environment
QSYS_ROOTDIR = C:\intelFPGA_lite\19.1\quartus\sopc_builder\bin
# environment
PATHEXT = .COM;.EXE;.BAT;.CMD;.VBS;.VBE;.JS;.JSE;.WSF;.WSH;.MSC
# makefile (from `d:\sparkboxHD\consoleStartup\Makefile', line 1)
MAKEFILE_LIST :=  d:\sparkboxHD\consoleStartup\Makefile
# environment
FPS_BROWSER_USER_PROFILE_STRING = Default
# makefile (from `d: 
\sparkboxHD\consoleStartup\Makefile', line 26)
CP = $(PREFIX)-objcopy
# environment
TMP = C:\Users\patri\AppData\Local\Temp
# environment
VSCODE_VERBOSE_LOGGING = true
# makefile (from `d:\sparkboxHD\consoleStartup\Makefile', line 25)
AS = $(PREFIX)-g++
# environment
PROGRAMW6432 = C:\Program Files
# environment
PROGRAMDATA = C:\ProgramData
# environment
VSCODE_IPC_HOOK_EXTHOST = \\.\pipe\vscode-ipc-006a54b4-e87b-4410-a31d-3b490b3f75dd-sock
# makefile (from `d:\sparkboxHD\consoleStartup\Makefile', line 24)
CPP = $(PREFIX)-g++
# environment
VSCODE_CWD = C:\Users\patri\AppData\Local\Programs\Microsoft VS Code
# environment
PATH = C:\Program Files (x86)\NVIDIA Corporation\PhysX\Common;C:\Program Files (x86)\Common Files\Oracle\Java\javapath;C:\Windows\system32;C:\Windows;C:\Windows\System32\Wbem;C:\Windows\System32\WindowsPowerShell\v1.0\;C:\Windows\System32\OpenSSH\;C:\Program Files\dotnet\;C:\Program Files\usbipd-win\;C:\Users\patri\AppData\Local\Microsoft\WindowsApps;C:\Users\patri\AppData\Local\Programs\Micr 
osoft VS Code\bin;C:\intelFPGA\19.1\modelsim_ase\win32aloem;C:\Users\patri\.dotnet\tools;C:\msys64\mingw64\bin;C:\Program Files (x86)\GNU Arm Embedded Toolchain\10 2021.07\bin;C:\Program Files (x86)\Make\bin;C:\Program Files (x86)\OpenOCD\OpenOCD-20210729-0.11.0\bin;
# environment
COMMONPROGRAMW6432 = C:\Program Files\Common Files
# environment
PROCESSOR_ARCHITECTURE = x86
# environment
USERPROFILE = C:\Users\patri
# makefile (from `d:\sparkboxHD\consoleStartup\Makefile', line 27)
OD = $(PREFIX)-objdump
# environment
ALLUSERSPROFILE = C:\ProgramData
# environment
SOPC_KIT_NIOS2 = C:\intelFPGA_lite\19.1\nios2eds
# environment
VSCODE_LOG_STACK = false
# environment
NUMBER_OF_PROCESSORS = 12
# environment
ELECTRON_RUN_AS_NODE = 1
# makefile (from `d:\sparkboxHD\consoleStartup\Makefile', line 74)
LDFLAGS = $(MCU) -T$(LDSCRIPT) -Wl,-Map=$(TARGET).map -Wl,--gc-sections -static -Wl,--start-group -lc -lm -lstdc++ -lsupc++ -Wl,--end-group
# default
.FEATURES := target-specific order-only second-expansion else-if archi 
ves
# makefile (from `d:\sparkboxHD\consoleStartup\Makefile', line 48)
SRCDIR := 
# automatic
%F = $(notdir $%)
# environment
CHROME_CRASHPAD_PIPE_NAME = \\.\pipe\crashpad_3808_HJDLPCQVZNPBWKAT
# makefile (from `d:\sparkboxHD\consoleStartup\Makefile', line 36)
OPT = -Os
# environment
VSCODE_PIPE_LOGGING = true
# environment
COMPUTERNAME = DESKTOP-R0D4PPV
# environment
PROGRAMFILES = C:\Program Files (x86)
# environment
DRIVERDATA = C:\Windows\System32\Drivers\DriverData
# environment
ORIGINAL_XDG_CURRENT_DE 
SKTOP = undefined
# environment
USERNAME = patri
# environment
PUBLIC = C:\Users\Public
# environment
VSCODE_AMD_ENTRYPOINT = vs/workbench/services/extensions/node/extensionHostProcess
# environment
VSCODE_CODE_CACHE_PATH = C:\Users\patri\AppData\Roaming\Code\CachedData\7db1a2b88f7557e0a43fec75b6ba7e50b3e9f77e
# environment
APPLICATION_INSIGHTS_NO_DIAGNOSTIC_CHANNEL = true
# environment
COMMONPROGRAMFILES = C:\Program Files (x86)\Common Files
# environment
LOGONSERVER = \\DESKTOP-R0D4PPV
# makefile (from `d 
:\sparkboxHD\consoleStartup\Makefile', line 22)
PREFIX = arm-none-eabi
# environment
ONEDRIVECONSUMER = C:\Users\patri\OneDrive
# environment
VSCODE_HANDLES_UNCAUGHT_ERRORS = true
# environment
USERDOMAIN = DESKTOP-R0D4PPV
# makefile (from `d:\sparkboxHD\consoleStartup\Makefile', line 69)
MCU = --specs=nano.specs -mcpu=cortex-m7 -mthumb -mfpu=fpv5-d16 -mfloat-abi=hard
# default
MAKE = $(MAKE_COMMAND)
# default
MAKECMDGOALS := all
# makefile (from `d:\sparkboxHD\consoleStartup\Makefile', line 42)
COMDIR := . 
./common
# makefile (from `d:\sparkboxHD\consoleStartup\Makefile', line 23)
CC = $(PREFIX)-gcc
# makefile (from `d:\sparkboxHD\consoleStartup\Makefile', line 16)
PROCESSOR = STM32H743xx
# makefile (from `d:\sparkboxHD\consoleStartup\Makefile', line 84)
ASFLAGS = $(SRCFLAGS) -x assembler-with-cpp
# default
MAKE_VERSION := 3.81
# makefile
.DEFAULT_GOAL := all
# environment
PROGRAMFILES(X86) = C:\Program Files (x86)
# makefile (from `d:\sparkboxHD\consoleStartup\Makefile', line 13)
TARGETDIR = 
# automatic
%D  
= $(patsubst %/,%,$(dir $%))
# environment
LOCALAPPDATA = C:\Users\patri\AppData\Local
# environment
PSMODULEPATH = C:\Program Files\WindowsPowerShell\Modules;C:\Windows\system32\WindowsPowerShell\v1.0\Modules
# default
MAKE_COMMAND := make.exe
# makefile (from `d:\sparkboxHD\consoleStartup\Makefile', line 52)
INC := $(subst ,, )
# environment
PROCESSOR_ARCHITEW6432 = AMD64
# default
.VARIABLES := 
# automatic
*F = $(notdir $*)
# environment
PROCESSOR_IDENTIFIER = AMD64 Family 23 Model 113 Stepping 0, Authe 
nticAMD
# environment
OS = Windows_NT
# environment
VSCODE_IPC_HOOK = \\.\pipe\582eaa284bb52592aa51d8a6b374cabf-1.63.0-main-sock
# makefile (from `d:\sparkboxHD\consoleStartup\Makefile', line 80)
INCFLAGS := 
# environment
HOMEPATH = \Users\patri
# environment
COMMONPROGRAMFILES(X86) = C:\Program Files (x86)\Common Files
# environment
PROMPT = $P$G
# environment
MFLAGS = -Rrqp
# automatic
*D = $(patsubst %/,%,$(dir $*))
# environment
SYSTEMROOT = C:\Windows
# automatic
+D = $(patsubst %/,%,$(dir $+))
# auto 
matic
+F = $(notdir $+)
# environment
APPDATA = C:\Users\patri\AppData\Roaming
# environment
TEMP = C:\Users\patri\AppData\Local\Temp
# environment
COMSPEC = C:\Windows\system32\cmd.exe
# default
MAKEFILES := 
# environment
QUARTUS_ROOTDIR = C:\intelFPGA_lite\19.1\quartus
# environment
ARMGCC_DIR = C:\Program Files (x86)\GNU Arm Embedded Toolchain\10 2021.07\bin
# automatic
<F = $(notdir $<)
# makefile (from `d:\sparkboxHD\consoleStartup\Makefile', line 41)
OBJDIR := obj
# environment
LC_ALL = C
# automatic 

^F = $(notdir $^)
# default
SUFFIXES := 
# environment
SYSTEMDRIVE = C:
# environment
SESSIONNAME = Console
# environment
PROCESSOR_REVISION = 7100
# environment
MAKELEVEL := 0
# environment
LANG = C
# environment
PROCESSOR_LEVEL = 23
# environment
FPS_BROWSER_APP_PROFILE_STRING = Internet Explorer
# environment
VSCODE_PID = 3808
# environment
USERDOMAIN_ROAMINGPROFILE = DESKTOP-R0D4PPV
# variable set hash-table stats:
# Load=119/1024=12%, Rehash=0, Collisions=19/201=9%

# Pattern-specific Variable Values
 

# No pattern-specific variable values.

# Directories

# C:\Users\patri\AppData\Local\Programs\Microsoft VS Code\bin (key C:/Users/patri/AppData/Local/Programs/Microsoft VS Code/bin, mtime 1639046728): 4 files, no impossibilities.
# obj (key d:/sparkboxHD/consoleStartup/obj, mtime 1639315815): No files, no impossibilities so far.
# C:\Windows\System32\WindowsPowerShell\v1.0\ (key C:/Windows/System32/WindowsPowerShell/v1.0/, mtime 1602897578): 30 files, no impossibilities.
# C:\Windows\System32\Wbem (key C: 
/Windows/System32/Wbem, mtime 1636954641): 154 files, no impossibilities.
# . (key d:/sparkboxHD/consoleStartup, mtime 1639315820): 13 files, no impossibilities.
# C:\Program Files (x86)\NVIDIA Corporation\PhysX\Common (key C:/Program Files (x86)/NVIDIA Corporation/PhysX/Common, mtime 1593986144): 10 files, no impossibilities.
# C:\Users\patri\.dotnet\tools: could not be stat'd.
# C:\Program Files\dotnet\ (key C:/Program Files/dotnet/, mtime 1612314393): 11 files, no impossibilities.
# C:\intelFPGA\19.1\mod 
elsim_ase\win32aloem (key C:/intelFPGA/19.1/modelsim_ase/win32aloem, mtime 1593965780): 111 files, no impossibilities.
# C:\Program Files\usbipd-win\ (key C:/Program Files/usbipd-win/, mtime 1639308480): 137 files, no impossibilities.
# C:\Windows\System32\OpenSSH\: could not be stat'd.
# C:\Program Files (x86)\Common Files\Oracle\Java\javapath (key C:/Program Files (x86)/Common Files/Oracle/Java/javapath, mtime 1611834213): 5 files, no impossibilities.
# C:\Users\patri\AppData\Local\Microsoft\WindowsApps ( 
key C:/Users/patri/AppData/Local/Microsoft/WindowsApps, mtime 1639181937): 13 files, no impossibilities.
# C:\Windows (key C:/Windows, mtime 1637278278): 106 files, no impossibilities.
# C:\Program Files (x86)\Make\bin (key C:/Program Files (x86)/Make/bin, mtime 1630358447): 5 files, no impossibilities.
# C:\msys64\mingw64\bin (key C:/msys64/mingw64/bin, mtime 1628032831): 207 files, no impossibilities.
# C:\Windows\system32 (key C:/Windows/system32, mtime 1639310370): 2953 files, no impossibilities.
# C:\P 
rogram Files (x86)\OpenOCD\OpenOCD-20210729-0.11.0\bin (key C:/Program Files (x86)/OpenOCD/OpenOCD-20210729-0.11.0/bin, mtime 1630358746): 7 files, no impossibilities.
# C:\Program Files (x86)\GNU Arm Embedded Toolchain\10 2021.07\bin (key C:/Program Files (x86)/GNU Arm Embedded Toolchain/10 2021.07/bin, mtime 1630273225): 35 files, no impossibilities.

# 3801 files, no impossibilities in 19 directories.

# Implicit Rules

obj/%.o: %.c
#  commands to execute (from `d:\sparkboxHD\consoleStartup\Makefile', li 
ne 109):
	@mkdir -p $(@D)
	$(CC) -c $(CFLAGS) $< -o $@ 
	

obj/%.o: %.cpp
#  commands to execute (from `d:\sparkboxHD\consoleStartup\Makefile', line 114):
	@mkdir -p $(@D)
	$(CPP) -c $(CPPFLAGS) $< -o $@
	

obj/%.o: %.s
#  commands to execute (from `d:\sparkboxHD\consoleStartup\Makefile', line 119):
	@mkdir -p $(@D)
	$(AS) $(ASFLAGS) $< -o $@
	

# 3 implicit rules, 0 (0.0%) terminal.

# Files

consoleStartup.hex: consoleStartup.elf
#  Implicit rule search has not been done.
#  Implicit/static pattern stem:  
`'
#  Last modified 2021-12-12 08:08:02
#  File has been updated.
#  Needs to be updated (-q is set).
# automatic
# @ := consoleStartup.hex
# automatic
# % := 
# automatic
# * := 
# automatic
# + := consoleStartup.elf
# automatic
# | := 
# automatic
# < := consoleStartup.elf
# automatic
# ^ := consoleStartup.elf
# automatic
# ? := consoleStartup.elf
# variable set hash-table stats:
# Load=8/32=25%, Rehash=0, Collisions=1/14=7%
#  commands to execute (from `d:\sparkboxHD\consoleStartup\Makefile', line 100):
 
	$(CP) -O ihex $^ $@
	

all: consoleStartup.hex consoleStartup.bin
#  Command-line target.
#  Implicit rule search has not been done.
#  File does not exist.
#  File has been updated.
#  Needs to be updated (-q is set).
# variable set hash-table stats:
# Load=0/32=0%, Rehash=0, Collisions=0/4=0%
#  commands to execute (from `d:\sparkboxHD\consoleStartup\Makefile', line 92):
	@echo Compilation complete!
	

# Not a target:
.DEFAULT:
#  Implicit rule search has not been done.
#  Modification time never checked 
.
#  File has not been updated.

# Not a target:
d:\sparkboxHD\consoleStartup\Makefile:
#  Implicit rule search has been done.
#  Last modified 2021-12-12 08:32:26
#  File has been updated.
#  Successfully updated.
# variable set hash-table stats:
# Load=0/32=0%, Rehash=0, Collisions=0/0=0%

consoleStartup.bin: consoleStartup.elf
#  Implicit rule search has not been done.
#  Modification time never checked.
#  File has not been updated.
#  commands to execute (from `d:\sparkboxHD\consoleStartup\Makefile', line 96):
	$(CP) -O binary $< $@
	

debug: flash
#  Implicit rule search has not been done.
#  Modification time never checked.
#  File has not been updated.
#  commands to execute (from `d:\sparkboxHD\consoleStartup\Makefile', line 141):
	st-util -p 4242 &
	gdb-multiarch $(TARGET).elf -tui -ex "target remote 127.0.0.1:4242"
	

consoleStartup.elf:
#  Implicit rule search has not been done.
#  Last modified 2021-12-12 08:30:20
#  File has been updated.
#  Successfully updated.
#  commands to execute (from `d: 
\sparkboxHD\consoleStartup\Makefile', line 104):
	$(CPP) $(LDFLAGS) $^ -o $@
	$(SZ) $@
	

# Not a target:
.SUFFIXES:
#  Implicit rule search has not been done.
#  Modification time never checked.
#  File has not been updated.

clean:
#  Implicit rule search has not been done.
#  Modification time never checked.
#  File has not been updated.
#  commands to execute (from `d:\sparkboxHD\consoleStartup\Makefile', line 126):
	rm -rf $(OBJDIR) $(TARGET).elf $(TARGET).bin $(TARGET).hex $(TARGET).map
	

flash: cons 
oleStartup.bin
#  Implicit rule search has not been done.
#  Modification time never checked.
#  File has not been updated.
#  commands to execute (from `d:\sparkboxHD\consoleStartup\Makefile', line 133):
	/mnt/c/Windows/System32/cmd.exe /C powershell -Command \
	"Copy-Item $< (Get-WMIObject Win32_Volume \
	| ? {\$$_.Label -eq 'NOD_H743ZI2'} | %{\$$_.DriveLetter})"
	

# files hash-table stats:
# Load=10/1024=1%, Rehash=0, Collisions=3/29=10%
# VPATH Search Paths

vpath %.o obj

# 1 `vpath' search paths.

#  
No general (`VPATH' variable) search path.

# # of strings in strcache: 1
# # of strcache buffers: 1
# strcache size: total = 4096 / max = 4096 / min = 4096 / avg = 4096
# strcache free: total = 4058 / max = 4058 / min = 4058 / avg = 4058

# Finished Make data base on Sun Dec 12 08:36:25 2021

 
