ARM GAS  /tmp/ccFGcjNo.s 			page 1


   1              		.cpu cortex-m4
   2              		.eabi_attribute 27, 1
   3              		.eabi_attribute 28, 1
   4              		.eabi_attribute 20, 1
   5              		.eabi_attribute 21, 1
   6              		.eabi_attribute 23, 3
   7              		.eabi_attribute 24, 1
   8              		.eabi_attribute 25, 1
   9              		.eabi_attribute 26, 1
  10              		.eabi_attribute 30, 2
  11              		.eabi_attribute 34, 1
  12              		.eabi_attribute 18, 4
  13              		.file	"i2c.c"
  14              		.text
  15              	.Ltext0:
  16              		.cfi_sections	.debug_frame
  17              		.section	.text.MX_I2C1_Init,"ax",%progbits
  18              		.align	1
  19              		.p2align 2,,3
  20              		.global	MX_I2C1_Init
  21              		.arch armv7e-m
  22              		.syntax unified
  23              		.thumb
  24              		.thumb_func
  25              		.fpu fpv4-sp-d16
  27              	MX_I2C1_Init:
  28              	.LFB130:
  29              		.file 1 "../lib_shared/Core/Src/i2c.c"
   1:../lib_shared/Core/Src/i2c.c **** /**
   2:../lib_shared/Core/Src/i2c.c ****   ******************************************************************************
   3:../lib_shared/Core/Src/i2c.c ****   * File Name          : I2C.c
   4:../lib_shared/Core/Src/i2c.c ****   * Description        : This file provides code for the configuration
   5:../lib_shared/Core/Src/i2c.c ****   *                      of the I2C instances.
   6:../lib_shared/Core/Src/i2c.c ****   ******************************************************************************
   7:../lib_shared/Core/Src/i2c.c ****   * @attention
   8:../lib_shared/Core/Src/i2c.c ****   *
   9:../lib_shared/Core/Src/i2c.c ****   * <h2><center>&copy; Copyright (c) 2019 STMicroelectronics.
  10:../lib_shared/Core/Src/i2c.c ****   * All rights reserved.</center></h2>
  11:../lib_shared/Core/Src/i2c.c ****   *
  12:../lib_shared/Core/Src/i2c.c ****   * This software component is licensed by ST under Ultimate Liberty license
  13:../lib_shared/Core/Src/i2c.c ****   * SLA0044, the "License"; You may not use this file except in compliance with
  14:../lib_shared/Core/Src/i2c.c ****   * the License. You may obtain a copy of the License at:
  15:../lib_shared/Core/Src/i2c.c ****   *                             www.st.com/SLA0044
  16:../lib_shared/Core/Src/i2c.c ****   *
  17:../lib_shared/Core/Src/i2c.c ****   ******************************************************************************
  18:../lib_shared/Core/Src/i2c.c ****   */
  19:../lib_shared/Core/Src/i2c.c **** 
  20:../lib_shared/Core/Src/i2c.c **** /* Includes ------------------------------------------------------------------*/
  21:../lib_shared/Core/Src/i2c.c **** #include "i2c.h"
  22:../lib_shared/Core/Src/i2c.c **** 
  23:../lib_shared/Core/Src/i2c.c **** /* USER CODE BEGIN 0 */
  24:../lib_shared/Core/Src/i2c.c **** 
  25:../lib_shared/Core/Src/i2c.c **** /* USER CODE END 0 */
  26:../lib_shared/Core/Src/i2c.c **** 
  27:../lib_shared/Core/Src/i2c.c **** I2C_HandleTypeDef hi2c1;
  28:../lib_shared/Core/Src/i2c.c **** 
  29:../lib_shared/Core/Src/i2c.c **** /* I2C1 init function */
ARM GAS  /tmp/ccFGcjNo.s 			page 2


  30:../lib_shared/Core/Src/i2c.c **** void MX_I2C1_Init(void)
  31:../lib_shared/Core/Src/i2c.c **** {
  30              		.loc 1 31 1 view -0
  31              		.cfi_startproc
  32              		@ args = 0, pretend = 0, frame = 0
  33              		@ frame_needed = 0, uses_anonymous_args = 0
  32:../lib_shared/Core/Src/i2c.c **** 
  33:../lib_shared/Core/Src/i2c.c ****   hi2c1.Instance = I2C1;
  34              		.loc 1 33 3 view .LVU1
  35              		.loc 1 33 18 is_stmt 0 view .LVU2
  36 0000 0B48     		ldr	r0, .L6
  34:../lib_shared/Core/Src/i2c.c ****   hi2c1.Init.ClockSpeed = 100000;
  37              		.loc 1 34 25 view .LVU3
  38 0002 0C49     		ldr	r1, .L6+4
  31:../lib_shared/Core/Src/i2c.c **** 
  39              		.loc 1 31 1 view .LVU4
  40 0004 08B5     		push	{r3, lr}
  41              	.LCFI0:
  42              		.cfi_def_cfa_offset 8
  43              		.cfi_offset 3, -8
  44              		.cfi_offset 14, -4
  33:../lib_shared/Core/Src/i2c.c ****   hi2c1.Init.ClockSpeed = 100000;
  45              		.loc 1 33 18 view .LVU5
  46 0006 0C4B     		ldr	r3, .L6+8
  47 0008 0360     		str	r3, [r0]
  48              		.loc 1 34 3 is_stmt 1 view .LVU6
  35:../lib_shared/Core/Src/i2c.c ****   hi2c1.Init.DutyCycle = I2C_DUTYCYCLE_2;
  36:../lib_shared/Core/Src/i2c.c ****   hi2c1.Init.OwnAddress1 = 0;
  37:../lib_shared/Core/Src/i2c.c ****   hi2c1.Init.AddressingMode = I2C_ADDRESSINGMODE_7BIT;
  49              		.loc 1 37 29 is_stmt 0 view .LVU7
  50 000a 4FF48042 		mov	r2, #16384
  35:../lib_shared/Core/Src/i2c.c ****   hi2c1.Init.DutyCycle = I2C_DUTYCYCLE_2;
  51              		.loc 1 35 24 view .LVU8
  52 000e 0023     		movs	r3, #0
  36:../lib_shared/Core/Src/i2c.c ****   hi2c1.Init.AddressingMode = I2C_ADDRESSINGMODE_7BIT;
  53              		.loc 1 36 26 view .LVU9
  54 0010 C0E90233 		strd	r3, r3, [r0, #8]
  38:../lib_shared/Core/Src/i2c.c ****   hi2c1.Init.DualAddressMode = I2C_DUALADDRESS_DISABLE;
  39:../lib_shared/Core/Src/i2c.c ****   hi2c1.Init.OwnAddress2 = 0;
  55              		.loc 1 39 26 view .LVU10
  56 0014 C0E90533 		strd	r3, r3, [r0, #20]
  40:../lib_shared/Core/Src/i2c.c ****   hi2c1.Init.GeneralCallMode = I2C_GENERALCALL_DISABLE;
  41:../lib_shared/Core/Src/i2c.c ****   hi2c1.Init.NoStretchMode = I2C_NOSTRETCH_DISABLE;
  57              		.loc 1 41 28 view .LVU11
  58 0018 C0E90733 		strd	r3, r3, [r0, #28]
  34:../lib_shared/Core/Src/i2c.c ****   hi2c1.Init.DutyCycle = I2C_DUTYCYCLE_2;
  59              		.loc 1 34 25 view .LVU12
  60 001c 4160     		str	r1, [r0, #4]
  35:../lib_shared/Core/Src/i2c.c ****   hi2c1.Init.OwnAddress1 = 0;
  61              		.loc 1 35 3 is_stmt 1 view .LVU13
  37:../lib_shared/Core/Src/i2c.c ****   hi2c1.Init.DualAddressMode = I2C_DUALADDRESS_DISABLE;
  62              		.loc 1 37 3 view .LVU14
  38:../lib_shared/Core/Src/i2c.c ****   hi2c1.Init.OwnAddress2 = 0;
  63              		.loc 1 38 3 view .LVU15
  40:../lib_shared/Core/Src/i2c.c ****   hi2c1.Init.NoStretchMode = I2C_NOSTRETCH_DISABLE;
  64              		.loc 1 40 3 view .LVU16
  42:../lib_shared/Core/Src/i2c.c ****   if (HAL_I2C_Init(&hi2c1) != HAL_OK)
ARM GAS  /tmp/ccFGcjNo.s 			page 3


  65              		.loc 1 42 3 view .LVU17
  37:../lib_shared/Core/Src/i2c.c ****   hi2c1.Init.DualAddressMode = I2C_DUALADDRESS_DISABLE;
  66              		.loc 1 37 29 is_stmt 0 view .LVU18
  67 001e 0261     		str	r2, [r0, #16]
  68              		.loc 1 42 7 view .LVU19
  69 0020 FFF7FEFF 		bl	HAL_I2C_Init
  70              	.LVL0:
  71              		.loc 1 42 6 view .LVU20
  72 0024 00B9     		cbnz	r0, .L5
  43:../lib_shared/Core/Src/i2c.c ****   {
  44:../lib_shared/Core/Src/i2c.c ****     Error_Handler();
  45:../lib_shared/Core/Src/i2c.c ****   }
  46:../lib_shared/Core/Src/i2c.c **** 
  47:../lib_shared/Core/Src/i2c.c **** }
  73              		.loc 1 47 1 view .LVU21
  74 0026 08BD     		pop	{r3, pc}
  75              	.L5:
  44:../lib_shared/Core/Src/i2c.c ****   }
  76              		.loc 1 44 5 is_stmt 1 view .LVU22
  77              		.loc 1 47 1 is_stmt 0 view .LVU23
  78 0028 BDE80840 		pop	{r3, lr}
  79              	.LCFI1:
  80              		.cfi_restore 14
  81              		.cfi_restore 3
  82              		.cfi_def_cfa_offset 0
  44:../lib_shared/Core/Src/i2c.c ****   }
  83              		.loc 1 44 5 view .LVU24
  84 002c FFF7FEBF 		b	Error_Handler
  85              	.LVL1:
  86              	.L7:
  87              		.align	2
  88              	.L6:
  89 0030 00000000 		.word	hi2c1
  90 0034 A0860100 		.word	100000
  91 0038 00540040 		.word	1073763328
  92              		.cfi_endproc
  93              	.LFE130:
  95              		.section	.text.HAL_I2C_MspInit,"ax",%progbits
  96              		.align	1
  97              		.p2align 2,,3
  98              		.global	HAL_I2C_MspInit
  99              		.syntax unified
 100              		.thumb
 101              		.thumb_func
 102              		.fpu fpv4-sp-d16
 104              	HAL_I2C_MspInit:
 105              	.LVL2:
 106              	.LFB131:
  48:../lib_shared/Core/Src/i2c.c **** 
  49:../lib_shared/Core/Src/i2c.c **** void HAL_I2C_MspInit(I2C_HandleTypeDef* i2cHandle)
  50:../lib_shared/Core/Src/i2c.c **** {
 107              		.loc 1 50 1 is_stmt 1 view -0
 108              		.cfi_startproc
 109              		@ args = 0, pretend = 0, frame = 32
 110              		@ frame_needed = 0, uses_anonymous_args = 0
  51:../lib_shared/Core/Src/i2c.c **** 
  52:../lib_shared/Core/Src/i2c.c ****   GPIO_InitTypeDef GPIO_InitStruct = {0};
ARM GAS  /tmp/ccFGcjNo.s 			page 4


 111              		.loc 1 52 3 view .LVU26
  50:../lib_shared/Core/Src/i2c.c **** 
 112              		.loc 1 50 1 is_stmt 0 view .LVU27
 113 0000 70B5     		push	{r4, r5, r6, lr}
 114              	.LCFI2:
 115              		.cfi_def_cfa_offset 16
 116              		.cfi_offset 4, -16
 117              		.cfi_offset 5, -12
 118              		.cfi_offset 6, -8
 119              		.cfi_offset 14, -4
  53:../lib_shared/Core/Src/i2c.c ****   if(i2cHandle->Instance==I2C1)
 120              		.loc 1 53 5 view .LVU28
 121 0002 0268     		ldr	r2, [r0]
 122 0004 184B     		ldr	r3, .L12
  50:../lib_shared/Core/Src/i2c.c **** 
 123              		.loc 1 50 1 view .LVU29
 124 0006 88B0     		sub	sp, sp, #32
 125              	.LCFI3:
 126              		.cfi_def_cfa_offset 48
  52:../lib_shared/Core/Src/i2c.c ****   if(i2cHandle->Instance==I2C1)
 127              		.loc 1 52 20 view .LVU30
 128 0008 0024     		movs	r4, #0
 129              		.loc 1 53 5 view .LVU31
 130 000a 9A42     		cmp	r2, r3
  52:../lib_shared/Core/Src/i2c.c ****   if(i2cHandle->Instance==I2C1)
 131              		.loc 1 52 20 view .LVU32
 132 000c CDE90244 		strd	r4, r4, [sp, #8]
 133 0010 CDE90444 		strd	r4, r4, [sp, #16]
 134 0014 0694     		str	r4, [sp, #24]
 135              		.loc 1 53 3 is_stmt 1 view .LVU33
 136              		.loc 1 53 5 is_stmt 0 view .LVU34
 137 0016 01D0     		beq	.L11
  54:../lib_shared/Core/Src/i2c.c ****   {
  55:../lib_shared/Core/Src/i2c.c ****   /* USER CODE BEGIN I2C1_MspInit 0 */
  56:../lib_shared/Core/Src/i2c.c **** 
  57:../lib_shared/Core/Src/i2c.c ****   /* USER CODE END I2C1_MspInit 0 */
  58:../lib_shared/Core/Src/i2c.c ****   
  59:../lib_shared/Core/Src/i2c.c ****     __HAL_RCC_GPIOB_CLK_ENABLE();
  60:../lib_shared/Core/Src/i2c.c ****     /**I2C1 GPIO Configuration    
  61:../lib_shared/Core/Src/i2c.c ****     PB6     ------> I2C1_SCL
  62:../lib_shared/Core/Src/i2c.c ****     PB7     ------> I2C1_SDA 
  63:../lib_shared/Core/Src/i2c.c ****     */
  64:../lib_shared/Core/Src/i2c.c ****     GPIO_InitStruct.Pin = GPIO_PIN_6|GPIO_PIN_7;
  65:../lib_shared/Core/Src/i2c.c ****     GPIO_InitStruct.Mode = GPIO_MODE_AF_OD;
  66:../lib_shared/Core/Src/i2c.c ****     GPIO_InitStruct.Pull = GPIO_PULLUP;
  67:../lib_shared/Core/Src/i2c.c ****     GPIO_InitStruct.Speed = GPIO_SPEED_FREQ_VERY_HIGH;
  68:../lib_shared/Core/Src/i2c.c ****     GPIO_InitStruct.Alternate = GPIO_AF4_I2C1;
  69:../lib_shared/Core/Src/i2c.c ****     HAL_GPIO_Init(GPIOB, &GPIO_InitStruct);
  70:../lib_shared/Core/Src/i2c.c **** 
  71:../lib_shared/Core/Src/i2c.c ****     /* I2C1 clock enable */
  72:../lib_shared/Core/Src/i2c.c ****     __HAL_RCC_I2C1_CLK_ENABLE();
  73:../lib_shared/Core/Src/i2c.c ****   /* USER CODE BEGIN I2C1_MspInit 1 */
  74:../lib_shared/Core/Src/i2c.c **** 
  75:../lib_shared/Core/Src/i2c.c ****   /* USER CODE END I2C1_MspInit 1 */
  76:../lib_shared/Core/Src/i2c.c ****   }
  77:../lib_shared/Core/Src/i2c.c **** }
 138              		.loc 1 77 1 view .LVU35
ARM GAS  /tmp/ccFGcjNo.s 			page 5


 139 0018 08B0     		add	sp, sp, #32
 140              	.LCFI4:
 141              		.cfi_remember_state
 142              		.cfi_def_cfa_offset 16
 143              		@ sp needed
 144 001a 70BD     		pop	{r4, r5, r6, pc}
 145              	.L11:
 146              	.LCFI5:
 147              		.cfi_restore_state
  59:../lib_shared/Core/Src/i2c.c ****     /**I2C1 GPIO Configuration    
 148              		.loc 1 59 5 is_stmt 1 view .LVU36
 149              	.LBB2:
  59:../lib_shared/Core/Src/i2c.c ****     /**I2C1 GPIO Configuration    
 150              		.loc 1 59 5 view .LVU37
 151 001c 134D     		ldr	r5, .L12+4
 152 001e 0094     		str	r4, [sp]
  59:../lib_shared/Core/Src/i2c.c ****     /**I2C1 GPIO Configuration    
 153              		.loc 1 59 5 view .LVU38
 154 0020 2B6B     		ldr	r3, [r5, #48]
 155              	.LBE2:
  69:../lib_shared/Core/Src/i2c.c **** 
 156              		.loc 1 69 5 is_stmt 0 view .LVU39
 157 0022 1348     		ldr	r0, .L12+8
 158              	.LVL3:
 159              	.LBB3:
  59:../lib_shared/Core/Src/i2c.c ****     /**I2C1 GPIO Configuration    
 160              		.loc 1 59 5 view .LVU40
 161 0024 43F00203 		orr	r3, r3, #2
 162 0028 2B63     		str	r3, [r5, #48]
  59:../lib_shared/Core/Src/i2c.c ****     /**I2C1 GPIO Configuration    
 163              		.loc 1 59 5 is_stmt 1 view .LVU41
 164 002a 2B6B     		ldr	r3, [r5, #48]
 165 002c 03F00203 		and	r3, r3, #2
 166 0030 0093     		str	r3, [sp]
  59:../lib_shared/Core/Src/i2c.c ****     /**I2C1 GPIO Configuration    
 167              		.loc 1 59 5 view .LVU42
 168              	.LBE3:
  64:../lib_shared/Core/Src/i2c.c ****     GPIO_InitStruct.Mode = GPIO_MODE_AF_OD;
 169              		.loc 1 64 25 is_stmt 0 view .LVU43
 170 0032 C022     		movs	r2, #192
 171 0034 1223     		movs	r3, #18
 172 0036 CDE90223 		strd	r2, [sp, #8]
 173 003a 0122     		movs	r2, #1
 174 003c 0323     		movs	r3, #3
 175 003e CDE90423 		strd	r2, [sp, #16]
  69:../lib_shared/Core/Src/i2c.c **** 
 176              		.loc 1 69 5 view .LVU44
 177 0042 02A9     		add	r1, sp, #8
  68:../lib_shared/Core/Src/i2c.c ****     HAL_GPIO_Init(GPIOB, &GPIO_InitStruct);
 178              		.loc 1 68 31 view .LVU45
 179 0044 0423     		movs	r3, #4
 180 0046 0693     		str	r3, [sp, #24]
 181              	.LBB4:
  59:../lib_shared/Core/Src/i2c.c ****     /**I2C1 GPIO Configuration    
 182              		.loc 1 59 5 view .LVU46
 183 0048 009E     		ldr	r6, [sp]
 184              	.LBE4:
ARM GAS  /tmp/ccFGcjNo.s 			page 6


  59:../lib_shared/Core/Src/i2c.c ****     /**I2C1 GPIO Configuration    
 185              		.loc 1 59 5 is_stmt 1 view .LVU47
  64:../lib_shared/Core/Src/i2c.c ****     GPIO_InitStruct.Mode = GPIO_MODE_AF_OD;
 186              		.loc 1 64 5 view .LVU48
  65:../lib_shared/Core/Src/i2c.c ****     GPIO_InitStruct.Pull = GPIO_PULLUP;
 187              		.loc 1 65 5 view .LVU49
  66:../lib_shared/Core/Src/i2c.c ****     GPIO_InitStruct.Speed = GPIO_SPEED_FREQ_VERY_HIGH;
 188              		.loc 1 66 5 view .LVU50
  67:../lib_shared/Core/Src/i2c.c ****     GPIO_InitStruct.Alternate = GPIO_AF4_I2C1;
 189              		.loc 1 67 5 view .LVU51
  68:../lib_shared/Core/Src/i2c.c ****     HAL_GPIO_Init(GPIOB, &GPIO_InitStruct);
 190              		.loc 1 68 5 view .LVU52
  69:../lib_shared/Core/Src/i2c.c **** 
 191              		.loc 1 69 5 view .LVU53
 192 004a FFF7FEFF 		bl	HAL_GPIO_Init
 193              	.LVL4:
  72:../lib_shared/Core/Src/i2c.c ****   /* USER CODE BEGIN I2C1_MspInit 1 */
 194              		.loc 1 72 5 view .LVU54
 195              	.LBB5:
  72:../lib_shared/Core/Src/i2c.c ****   /* USER CODE BEGIN I2C1_MspInit 1 */
 196              		.loc 1 72 5 view .LVU55
 197 004e 0194     		str	r4, [sp, #4]
  72:../lib_shared/Core/Src/i2c.c ****   /* USER CODE BEGIN I2C1_MspInit 1 */
 198              		.loc 1 72 5 view .LVU56
 199 0050 2B6C     		ldr	r3, [r5, #64]
 200 0052 43F40013 		orr	r3, r3, #2097152
 201 0056 2B64     		str	r3, [r5, #64]
  72:../lib_shared/Core/Src/i2c.c ****   /* USER CODE BEGIN I2C1_MspInit 1 */
 202              		.loc 1 72 5 view .LVU57
 203 0058 2B6C     		ldr	r3, [r5, #64]
 204 005a 03F40013 		and	r3, r3, #2097152
 205 005e 0193     		str	r3, [sp, #4]
  72:../lib_shared/Core/Src/i2c.c ****   /* USER CODE BEGIN I2C1_MspInit 1 */
 206              		.loc 1 72 5 view .LVU58
 207 0060 019B     		ldr	r3, [sp, #4]
 208              	.LBE5:
  72:../lib_shared/Core/Src/i2c.c ****   /* USER CODE BEGIN I2C1_MspInit 1 */
 209              		.loc 1 72 5 view .LVU59
 210              		.loc 1 77 1 is_stmt 0 view .LVU60
 211 0062 08B0     		add	sp, sp, #32
 212              	.LCFI6:
 213              		.cfi_def_cfa_offset 16
 214              		@ sp needed
 215 0064 70BD     		pop	{r4, r5, r6, pc}
 216              	.L13:
 217 0066 00BF     		.align	2
 218              	.L12:
 219 0068 00540040 		.word	1073763328
 220 006c 00380240 		.word	1073887232
 221 0070 00040240 		.word	1073873920
 222              		.cfi_endproc
 223              	.LFE131:
 225              		.section	.text.HAL_I2C_MspDeInit,"ax",%progbits
 226              		.align	1
 227              		.p2align 2,,3
 228              		.global	HAL_I2C_MspDeInit
 229              		.syntax unified
ARM GAS  /tmp/ccFGcjNo.s 			page 7


 230              		.thumb
 231              		.thumb_func
 232              		.fpu fpv4-sp-d16
 234              	HAL_I2C_MspDeInit:
 235              	.LVL5:
 236              	.LFB132:
  78:../lib_shared/Core/Src/i2c.c **** 
  79:../lib_shared/Core/Src/i2c.c **** void HAL_I2C_MspDeInit(I2C_HandleTypeDef* i2cHandle)
  80:../lib_shared/Core/Src/i2c.c **** {
 237              		.loc 1 80 1 is_stmt 1 view -0
 238              		.cfi_startproc
 239              		@ args = 0, pretend = 0, frame = 0
 240              		@ frame_needed = 0, uses_anonymous_args = 0
 241              		@ link register save eliminated.
  81:../lib_shared/Core/Src/i2c.c **** 
  82:../lib_shared/Core/Src/i2c.c ****   if(i2cHandle->Instance==I2C1)
 242              		.loc 1 82 3 view .LVU62
 243              		.loc 1 82 5 is_stmt 0 view .LVU63
 244 0000 064B     		ldr	r3, .L17
 245 0002 0268     		ldr	r2, [r0]
 246 0004 9A42     		cmp	r2, r3
 247 0006 00D0     		beq	.L16
  83:../lib_shared/Core/Src/i2c.c ****   {
  84:../lib_shared/Core/Src/i2c.c ****   /* USER CODE BEGIN I2C1_MspDeInit 0 */
  85:../lib_shared/Core/Src/i2c.c **** 
  86:../lib_shared/Core/Src/i2c.c ****   /* USER CODE END I2C1_MspDeInit 0 */
  87:../lib_shared/Core/Src/i2c.c ****     /* Peripheral clock disable */
  88:../lib_shared/Core/Src/i2c.c ****     __HAL_RCC_I2C1_CLK_DISABLE();
  89:../lib_shared/Core/Src/i2c.c ****   
  90:../lib_shared/Core/Src/i2c.c ****     /**I2C1 GPIO Configuration    
  91:../lib_shared/Core/Src/i2c.c ****     PB6     ------> I2C1_SCL
  92:../lib_shared/Core/Src/i2c.c ****     PB7     ------> I2C1_SDA 
  93:../lib_shared/Core/Src/i2c.c ****     */
  94:../lib_shared/Core/Src/i2c.c ****     HAL_GPIO_DeInit(GPIOB, GPIO_PIN_6|GPIO_PIN_7);
  95:../lib_shared/Core/Src/i2c.c **** 
  96:../lib_shared/Core/Src/i2c.c ****   /* USER CODE BEGIN I2C1_MspDeInit 1 */
  97:../lib_shared/Core/Src/i2c.c **** 
  98:../lib_shared/Core/Src/i2c.c ****   /* USER CODE END I2C1_MspDeInit 1 */
  99:../lib_shared/Core/Src/i2c.c ****   }
 100:../lib_shared/Core/Src/i2c.c **** } 
 248              		.loc 1 100 1 view .LVU64
 249 0008 7047     		bx	lr
 250              	.L16:
  88:../lib_shared/Core/Src/i2c.c ****   
 251              		.loc 1 88 5 is_stmt 1 view .LVU65
 252 000a 054A     		ldr	r2, .L17+4
  94:../lib_shared/Core/Src/i2c.c **** 
 253              		.loc 1 94 5 is_stmt 0 view .LVU66
 254 000c 0548     		ldr	r0, .L17+8
 255              	.LVL6:
  88:../lib_shared/Core/Src/i2c.c ****   
 256              		.loc 1 88 5 view .LVU67
 257 000e 136C     		ldr	r3, [r2, #64]
 258 0010 23F40013 		bic	r3, r3, #2097152
 259 0014 1364     		str	r3, [r2, #64]
  94:../lib_shared/Core/Src/i2c.c **** 
 260              		.loc 1 94 5 is_stmt 1 view .LVU68
ARM GAS  /tmp/ccFGcjNo.s 			page 8


 261 0016 C021     		movs	r1, #192
 262 0018 FFF7FEBF 		b	HAL_GPIO_DeInit
 263              	.LVL7:
 264              	.L18:
 265              		.align	2
 266              	.L17:
 267 001c 00540040 		.word	1073763328
 268 0020 00380240 		.word	1073887232
 269 0024 00040240 		.word	1073873920
 270              		.cfi_endproc
 271              	.LFE132:
 273              		.comm	hi2c1,84,4
 274              		.text
 275              	.Letext0:
 276              		.file 2 "/usr/lib/gcc/arm-none-eabi/9.2.1/include/stdint.h"
 277              		.file 3 "../lib_shared/Drivers/CMSIS/Core/Include/core_cm4.h"
 278              		.file 4 "../lib_shared/Drivers/CMSIS/Device/ST/STM32F4xx/Include/system_stm32f4xx.h"
 279              		.file 5 "../lib_shared/Drivers/CMSIS/Device/ST/STM32F4xx/Include/stm32f407xx.h"
 280              		.file 6 "../lib_shared/Drivers/STM32F4xx_HAL_Driver/Inc/stm32f4xx_hal_def.h"
 281              		.file 7 "../lib_shared/Drivers/STM32F4xx_HAL_Driver/Inc/stm32f4xx_hal_gpio.h"
 282              		.file 8 "../lib_shared/Drivers/STM32F4xx_HAL_Driver/Inc/stm32f4xx_hal_dma.h"
 283              		.file 9 "../lib_shared/Drivers/STM32F4xx_HAL_Driver/Inc/stm32f4xx_hal_i2c.h"
 284              		.file 10 "../lib_shared/Core/Inc/i2c.h"
 285              		.file 11 "../lib_shared/Core/Inc/main.h"
ARM GAS  /tmp/ccFGcjNo.s 			page 9


DEFINED SYMBOLS
                            *ABS*:0000000000000000 i2c.c
     /tmp/ccFGcjNo.s:18     .text.MX_I2C1_Init:0000000000000000 $t
     /tmp/ccFGcjNo.s:27     .text.MX_I2C1_Init:0000000000000000 MX_I2C1_Init
     /tmp/ccFGcjNo.s:89     .text.MX_I2C1_Init:0000000000000030 $d
                            *COM*:0000000000000054 hi2c1
     /tmp/ccFGcjNo.s:96     .text.HAL_I2C_MspInit:0000000000000000 $t
     /tmp/ccFGcjNo.s:104    .text.HAL_I2C_MspInit:0000000000000000 HAL_I2C_MspInit
     /tmp/ccFGcjNo.s:219    .text.HAL_I2C_MspInit:0000000000000068 $d
     /tmp/ccFGcjNo.s:226    .text.HAL_I2C_MspDeInit:0000000000000000 $t
     /tmp/ccFGcjNo.s:234    .text.HAL_I2C_MspDeInit:0000000000000000 HAL_I2C_MspDeInit
     /tmp/ccFGcjNo.s:267    .text.HAL_I2C_MspDeInit:000000000000001c $d

UNDEFINED SYMBOLS
HAL_I2C_Init
Error_Handler
HAL_GPIO_Init
HAL_GPIO_DeInit
